2019-10-30 15:46:26.687 [main] INFO  com.example.hotel.HotelApplicationTests - Starting HotelApplicationTests on DESKTOP-PV2SNR5 with PID 2648 (started by 15625 in D:\各种idea的项目\酒店项目\hotel_7_23)
2019-10-30 15:46:26.693 [main] INFO  com.example.hotel.HotelApplicationTests - No active profile set, falling back to default profiles: default
2019-10-30 15:46:28.521 [MLog-Init-Reporter] INFO  com.mchange.v2.log.MLog - MLog clients using slf4j logging.
2019-10-30 15:46:28.776 [main] INFO  com.mchange.v2.c3p0.C3P0Registry - Initializing c3p0-0.9.5.2 [built 08-December-2015 22:06:04 -0800; debug? true; trace: 10]
2019-10-30 15:46:31.370 [main] INFO  com.example.hotel.HotelApplicationTests - Started HotelApplicationTests in 5.292 seconds (JVM running for 7.227)
2019-10-30 15:46:31.639 [main] INFO  c.m.v2.c3p0.impl.AbstractPoolBackedDataSource - Initializing c3p0 pool... com.mchange.v2.c3p0.ComboPooledDataSource [ acquireIncrement -> 3, acquireRetryAttempts -> 30, acquireRetryDelay -> 1000, autoCommitOnClose -> false, automaticTestTable -> null, breakAfterAcquireFailure -> false, checkoutTimeout -> 0, connectionCustomizerClassName -> null, connectionTesterClassName -> com.mchange.v2.c3p0.impl.DefaultConnectionTester, contextClassLoaderSource -> caller, dataSourceName -> 1hgedj5a67nznt0h6xpbk|267cde2e, debugUnreturnedConnectionStackTraces -> false, description -> null, driverClass -> com.mysql.cj.jdbc.Driver, extensions -> {}, factoryClassLocation -> null, forceIgnoreUnresolvedTransactions -> false, forceSynchronousCheckins -> false, forceUseNamedDriverClass -> false, identityToken -> 1hgedj5a67nznt0h6xpbk|267cde2e, idleConnectionTestPeriod -> 0, initialPoolSize -> 3, jdbcUrl -> jdbc:mysql://localhost:3306/lasthoteldb?serverTimezone=UTC&useUnicode=true&characterEncoding=utf-8&useSSL=true, maxAdministrativeTaskTime -> 0, maxConnectionAge -> 0, maxIdleTime -> 0, maxIdleTimeExcessConnections -> 0, maxPoolSize -> 10, maxStatements -> 20, maxStatementsPerConnection -> 0, minPoolSize -> 1, numHelperThreads -> 3, preferredTestQuery -> null, privilegeSpawnedThreads -> false, properties -> {user=******, password=******}, propertyCycle -> 0, statementCacheNumDeferredCloseThreads -> 0, testConnectionOnCheckin -> false, testConnectionOnCheckout -> false, unreturnedConnectionTimeout -> 0, userOverrides -> {}, usesTraditionalReflectiveProxies -> false ]
2019-10-30 15:47:46.426 [main] INFO  com.example.hotel.HotelApplicationTests - Starting HotelApplicationTests on DESKTOP-PV2SNR5 with PID 1596 (started by 15625 in D:\各种idea的项目\酒店项目\hotel_7_23)
2019-10-30 15:47:46.428 [main] INFO  com.example.hotel.HotelApplicationTests - No active profile set, falling back to default profiles: default
2019-10-30 15:47:48.212 [MLog-Init-Reporter] INFO  com.mchange.v2.log.MLog - MLog clients using slf4j logging.
2019-10-30 15:47:48.452 [main] INFO  com.mchange.v2.c3p0.C3P0Registry - Initializing c3p0-0.9.5.2 [built 08-December-2015 22:06:04 -0800; debug? true; trace: 10]
2019-10-30 15:47:50.841 [main] INFO  com.example.hotel.HotelApplicationTests - Started HotelApplicationTests in 5.318 seconds (JVM running for 6.506)
2019-10-30 15:47:51.087 [main] INFO  c.m.v2.c3p0.impl.AbstractPoolBackedDataSource - Initializing c3p0 pool... com.mchange.v2.c3p0.ComboPooledDataSource [ acquireIncrement -> 3, acquireRetryAttempts -> 30, acquireRetryDelay -> 1000, autoCommitOnClose -> false, automaticTestTable -> null, breakAfterAcquireFailure -> false, checkoutTimeout -> 0, connectionCustomizerClassName -> null, connectionTesterClassName -> com.mchange.v2.c3p0.impl.DefaultConnectionTester, contextClassLoaderSource -> caller, dataSourceName -> 1hgedj5a67o1dao1a69f94|58658f63, debugUnreturnedConnectionStackTraces -> false, description -> null, driverClass -> com.mysql.cj.jdbc.Driver, extensions -> {}, factoryClassLocation -> null, forceIgnoreUnresolvedTransactions -> false, forceSynchronousCheckins -> false, forceUseNamedDriverClass -> false, identityToken -> 1hgedj5a67o1dao1a69f94|58658f63, idleConnectionTestPeriod -> 0, initialPoolSize -> 3, jdbcUrl -> jdbc:mysql://localhost:3306/lasthoteldb?serverTimezone=UTC&useUnicode=true&characterEncoding=utf-8&useSSL=true, maxAdministrativeTaskTime -> 0, maxConnectionAge -> 0, maxIdleTime -> 0, maxIdleTimeExcessConnections -> 0, maxPoolSize -> 10, maxStatements -> 20, maxStatementsPerConnection -> 0, minPoolSize -> 1, numHelperThreads -> 3, preferredTestQuery -> null, privilegeSpawnedThreads -> false, properties -> {user=******, password=******}, propertyCycle -> 0, statementCacheNumDeferredCloseThreads -> 0, testConnectionOnCheckin -> false, testConnectionOnCheckout -> false, unreturnedConnectionTimeout -> 0, userOverrides -> {}, usesTraditionalReflectiveProxies -> false ]
2019-10-30 16:48:06.038 [main] INFO  com.example.hotel.HotelApplicationTests - Starting HotelApplicationTests on DESKTOP-PV2SNR5 with PID 15472 (started by 15625 in D:\各种idea的项目\酒店项目\hotel_7_23)
2019-10-30 16:48:06.040 [main] INFO  com.example.hotel.HotelApplicationTests - No active profile set, falling back to default profiles: default
2019-10-30 16:48:07.538 [MLog-Init-Reporter] INFO  com.mchange.v2.log.MLog - MLog clients using slf4j logging.
2019-10-30 16:48:07.837 [main] INFO  com.mchange.v2.c3p0.C3P0Registry - Initializing c3p0-0.9.5.2 [built 08-December-2015 22:06:04 -0800; debug? true; trace: 10]
2019-10-30 16:48:09.667 [main] INFO  com.example.hotel.HotelApplicationTests - Started HotelApplicationTests in 4.243 seconds (JVM running for 5.103)
2019-10-30 16:48:09.885 [main] INFO  c.m.v2.c3p0.impl.AbstractPoolBackedDataSource - Initializing c3p0 pool... com.mchange.v2.c3p0.ComboPooledDataSource [ acquireIncrement -> 3, acquireRetryAttempts -> 30, acquireRetryDelay -> 1000, autoCommitOnClose -> false, automaticTestTable -> null, breakAfterAcquireFailure -> false, checkoutTimeout -> 0, connectionCustomizerClassName -> null, connectionTesterClassName -> com.mchange.v2.c3p0.impl.DefaultConnectionTester, contextClassLoaderSource -> caller, dataSourceName -> 1hgedj5a67q6xzd13t36fj|49798e84, debugUnreturnedConnectionStackTraces -> false, description -> null, driverClass -> com.mysql.cj.jdbc.Driver, extensions -> {}, factoryClassLocation -> null, forceIgnoreUnresolvedTransactions -> false, forceSynchronousCheckins -> false, forceUseNamedDriverClass -> false, identityToken -> 1hgedj5a67q6xzd13t36fj|49798e84, idleConnectionTestPeriod -> 0, initialPoolSize -> 3, jdbcUrl -> jdbc:mysql://localhost:3306/lasthoteldb?serverTimezone=UTC&useUnicode=true&characterEncoding=utf-8&useSSL=true, maxAdministrativeTaskTime -> 0, maxConnectionAge -> 0, maxIdleTime -> 0, maxIdleTimeExcessConnections -> 0, maxPoolSize -> 10, maxStatements -> 20, maxStatementsPerConnection -> 0, minPoolSize -> 1, numHelperThreads -> 3, preferredTestQuery -> null, privilegeSpawnedThreads -> false, properties -> {user=******, password=******}, propertyCycle -> 0, statementCacheNumDeferredCloseThreads -> 0, testConnectionOnCheckin -> false, testConnectionOnCheckout -> false, unreturnedConnectionTimeout -> 0, userOverrides -> {}, usesTraditionalReflectiveProxies -> false ]
2019-10-30 17:10:07.907 [main] INFO  com.example.hotel.HotelApplication - Starting HotelApplication on DESKTOP-PV2SNR5 with PID 7488 (started by 15625 in D:\各种idea的项目\酒店项目\hotel_7_23)
2019-10-30 17:10:07.981 [main] INFO  com.example.hotel.HotelApplication - No active profile set, falling back to default profiles: default
2019-10-30 17:10:09.160 [main] INFO  org.apache.coyote.http11.Http11NioProtocol - Initializing ProtocolHandler ["https-jsse-nio-443"]
2019-10-30 17:10:09.168 [main] INFO  org.apache.catalina.core.StandardService - Starting service [Tomcat]
2019-10-30 17:10:09.169 [main] INFO  org.apache.catalina.core.StandardEngine - Starting Servlet engine: [Apache Tomcat/9.0.19]
2019-10-30 17:10:09.392 [main] INFO  o.a.c.core.ContainerBase.[Tomcat].[localhost].[/] - Initializing Spring embedded WebApplicationContext
2019-10-30 17:10:09.513 [MLog-Init-Reporter] INFO  com.mchange.v2.log.MLog - MLog clients using slf4j logging.
2019-10-30 17:10:09.535 [main] INFO  com.mchange.v2.c3p0.C3P0Registry - Initializing c3p0-0.9.5.2 [built 08-December-2015 22:06:04 -0800; debug? true; trace: 10]
2019-10-30 17:10:10.448 [main] INFO  org.apache.coyote.http11.Http11NioProtocol - Starting ProtocolHandler ["https-jsse-nio-443"]
2019-10-30 17:10:10.479 [main] INFO  org.apache.coyote.http11.Http11NioProtocol - Pausing ProtocolHandler ["https-jsse-nio-443"]
2019-10-30 17:10:10.480 [main] INFO  org.apache.catalina.core.StandardService - Stopping service [Tomcat]
2019-10-30 17:10:10.484 [main] INFO  org.apache.catalina.util.LifecycleBase - The stop() method was called on component [StandardServer[-1]] after stop() had already been called. The second call will be ignored.
2019-10-30 17:10:10.485 [main] INFO  org.apache.coyote.http11.Http11NioProtocol - Stopping ProtocolHandler ["https-jsse-nio-443"]
2019-10-30 17:10:10.486 [main] INFO  org.apache.coyote.http11.Http11NioProtocol - Destroying ProtocolHandler ["https-jsse-nio-443"]
2019-10-30 17:42:21.501 [main] INFO  com.example.hotel.HotelApplication - Starting HotelApplication on DESKTOP-PV2SNR5 with PID 7760 (started by 15625 in D:\各种idea的项目\酒店项目\hotel_7_23)
2019-10-30 17:42:21.526 [main] INFO  com.example.hotel.HotelApplication - No active profile set, falling back to default profiles: default
2019-10-30 17:42:22.939 [main] INFO  org.apache.coyote.http11.Http11NioProtocol - Initializing ProtocolHandler ["https-jsse-nio-443"]
2019-10-30 17:42:22.950 [main] INFO  org.apache.catalina.core.StandardService - Starting service [Tomcat]
2019-10-30 17:42:22.951 [main] INFO  org.apache.catalina.core.StandardEngine - Starting Servlet engine: [Apache Tomcat/9.0.19]
2019-10-30 17:42:23.038 [main] INFO  o.a.c.core.ContainerBase.[Tomcat].[localhost].[/] - Initializing Spring embedded WebApplicationContext
2019-10-30 17:42:23.166 [MLog-Init-Reporter] INFO  com.mchange.v2.log.MLog - MLog clients using slf4j logging.
2019-10-30 17:42:23.194 [main] INFO  com.mchange.v2.c3p0.C3P0Registry - Initializing c3p0-0.9.5.2 [built 08-December-2015 22:06:04 -0800; debug? true; trace: 10]
